0 info it worked if it ends with ok
1 verbose cli [ '/usr/bin/node', '/usr/bin/npm', 'publish' ]
2 info using npm@1.4.14
3 info using node@v0.10.29
4 verbose node symlink /usr/bin/node
5 verbose publish [ '.' ]
6 verbose cache add [ '.', null ]
7 verbose cache add name=undefined spec="." args=[".",null]
8 verbose parsed url { protocol: null,
8 verbose parsed url   slashes: null,
8 verbose parsed url   auth: null,
8 verbose parsed url   host: null,
8 verbose parsed url   port: null,
8 verbose parsed url   hostname: null,
8 verbose parsed url   hash: null,
8 verbose parsed url   search: null,
8 verbose parsed url   query: null,
8 verbose parsed url   pathname: '.',
8 verbose parsed url   path: '.',
8 verbose parsed url   href: '.' }
9 silly lockFile 3a52ce78- .
10 verbose lock . /home/jbunting/.npm/3a52ce78-.lock
11 verbose tar pack [ '/home/jbunting/.npm/pagi/0.1.0/package.tgz', '.' ]
12 verbose tarball /home/jbunting/.npm/pagi/0.1.0/package.tgz
13 verbose folder .
14 info prepublish pagi@0.1.0
15 silly lockFile 1f1177db-tar tar://.
16 verbose lock tar://. /home/jbunting/.npm/1f1177db-tar.lock
17 silly lockFile a6e3104f-nting-npm-pagi-0-1-0-package-tgz tar:///home/jbunting/.npm/pagi/0.1.0/package.tgz
18 verbose lock tar:///home/jbunting/.npm/pagi/0.1.0/package.tgz /home/jbunting/.npm/a6e3104f-nting-npm-pagi-0-1-0-package-tgz.lock
19 silly lockFile 1f1177db-tar tar://.
20 silly lockFile 1f1177db-tar tar://.
21 silly lockFile a6e3104f-nting-npm-pagi-0-1-0-package-tgz tar:///home/jbunting/.npm/pagi/0.1.0/package.tgz
22 silly lockFile a6e3104f-nting-npm-pagi-0-1-0-package-tgz tar:///home/jbunting/.npm/pagi/0.1.0/package.tgz
23 silly lockFile 802d90e9--jbunting-npm-pagi-0-1-0-package /home/jbunting/.npm/pagi/0.1.0/package
24 verbose lock /home/jbunting/.npm/pagi/0.1.0/package /home/jbunting/.npm/802d90e9--jbunting-npm-pagi-0-1-0-package.lock
25 silly lockFile 802d90e9--jbunting-npm-pagi-0-1-0-package /home/jbunting/.npm/pagi/0.1.0/package
26 silly lockFile 802d90e9--jbunting-npm-pagi-0-1-0-package /home/jbunting/.npm/pagi/0.1.0/package
27 silly lockFile 3a52ce78- .
28 silly lockFile 3a52ce78- .
29 silly publish { name: 'pagi',
29 silly publish   version: '0.1.0',
29 silly publish   description: 'A library for pagi manipulation.',
29 silly publish   license: 'Apache-2.0',
29 silly publish   author: { name: 'Jared bunting', email: 'jared.bunting@peachjean.com' },
29 silly publish   repository: { type: 'git', url: 'git@github.com:jbunting/pagijs.git' },
29 silly publish   bugs: { url: 'https://github.com/jbunting/pagijs/issues' },
29 silly publish   main: 'src/js/pagi.js',
29 silly publish   scripts: { build: 'gulp' },
29 silly publish   devDependencies:
29 silly publish    { gulp: '^3.8.7',
29 silly publish      'gulp-jshint': '^1.8.4',
29 silly publish      'jshint-stylish': '^0.4.0',
29 silly publish      'require-dir': '^0.1.0' },
29 silly publish   dependencies: { sax: '^0.6.0' },
29 silly publish   readme: 'pagijs\n======\n\nA javascript library for pagi manipulation.\n',
29 silly publish   readmeFilename: 'README.md',
29 silly publish   gitHead: 'ef0384875d9802d7969d698d51fe339e2167d62c',
29 silly publish   homepage: 'https://github.com/jbunting/pagijs',
29 silly publish   _id: 'pagi@0.1.0',
29 silly publish   _shasum: '89e5a20363f8360a747b5649e9802735e20e93c5',
29 silly publish   _from: '.' }
30 verbose url raw pagi
31 verbose url resolving [ 'https://registry.npmjs.org/', './pagi' ]
32 verbose url resolved https://registry.npmjs.org/pagi
33 info trying registry request attempt 1 at 10:37:29
34 http PUT https://registry.npmjs.org/pagi
35 http 403 https://registry.npmjs.org/pagi
36 verbose headers { date: 'Sun, 17 Aug 2014 15:37:29 GMT',
36 verbose headers   server: 'CouchDB/1.5.0 (Erlang OTP/R14B04)',
36 verbose headers   'content-type': 'application/json',
36 verbose headers   'cache-control': 'max-age=60',
36 verbose headers   'content-length': '2419',
36 verbose headers   'accept-ranges': 'bytes',
36 verbose headers   via: '1.1 varnish',
36 verbose headers   'x-served-by': 'cache-jfk1020-JFK',
36 verbose headers   'x-cache': 'MISS',
36 verbose headers   'x-cache-hits': '0',
36 verbose headers   'x-timer': 'S1408289849.521233,VS0,VE324',
36 verbose headers   'keep-alive': 'timeout=10, max=50',
36 verbose headers   connection: 'Keep-Alive' }
37 error publish Failed PUT 403
38 error Error: forbidden cannot modify pre-existing version: 0.1.0
38 error old={"name":"pagi","version":"0.1.0","description":"A library for pagi manipulation.","license":"Apache-2.0","author":{"name":"Jared bunting","email":"jared.bunting@peachjean.com"},"repository":{"type":"git","url":"git@github.com:jbunting/pagijs.git"},"bugs":{"url":"https://github.com/jbunting/pagijs/issues"},"main":"src/js/pagi.js","scripts":{"build":"gulp"},"devDependencies":{"gulp":"^3.8.7","gulp-jshint":"^1.8.4","jshint-stylish":"^0.4.0","require-dir":"^0.1.0"},"dependencies":{"sax":"^0.6.0"},"gitHead":"ef0384875d9802d7969d698d51fe339e2167d62c","homepage":"https://github.com/jbunting/pagijs","_id":"pagi@0.1.0","_shasum":"c1de17d2d40ae47f3930b35b29c5ed2173c4c4df","_from":".","_npmVersion":"1.4.14","_npmUser":{"name":"jbunting","email":"jared.bunting@peachjean.com"},"maintainers":[{"name":"jbunting","email":"jared.bunting@peachjean.com"}],"dist":{"shasum":"c1de17d2d40ae47f3930b35b29c5ed2173c4c4df","tarball":"http://registry.npmjs.org/pagi/-/pagi-0.1.0.tgz"}}
38 error new={"name":"pagi","version":"0.1.0","description":"A library for pagi manipulation.","license":"Apache-2.0","author":{"name":"Jared bunting","email":"jared.bunting@peachjean.com"},"repository":{"type":"git","url":"git@github.com:jbunting/pagijs.git"},"bugs":{"url":"https://github.com/jbunting/pagijs/issues"},"main":"src/js/pagi.js","scripts":{"build":"gulp"},"devDependencies":{"gulp":"^3.8.7","gulp-jshint":"^1.8.4","jshint-stylish":"^0.4.0","require-dir":"^0.1.0"},"dependencies":{"sax":"^0.6.0"},"readme":"pagijs\u000a======\u000a\u000aA javascript library for pagi manipulation.\u000a","readmeFilename":"README.md","gitHead":"ef0384875d9802d7969d698d51fe339e2167d62c","homepage":"https://github.com/jbunting/pagijs","_id":"pagi@0.1.0","_shasum":"89e5a20363f8360a747b5649e9802735e20e93c5","_from":".","_npmVersion":"1.4.14","_npmUser":{"name":"jbunting","email":"jared.bunting@peachjean.com"},"maintainers":[{"name":"jbunting","email":"jared.bunting@peachjean.com"}],"dist":{"shasum":"89e5a20363f8360a747b5649e9802735e20e93c5","tarball":"http://registry.npmjs.org/pagi/-/pagi-0.1.0.tgz"}}: pagi
38 error     at RegClient.<anonymous> (/usr/lib/node_modules/npm/node_modules/npm-registry-client/lib/request.js:274:14)
38 error     at Request._callback (/usr/lib/node_modules/npm/node_modules/npm-registry-client/lib/request.js:212:65)
38 error     at Request.self.callback (/usr/lib/node_modules/npm/node_modules/request/request.js:123:22)
38 error     at Request.emit (events.js:98:17)
38 error     at Request.<anonymous> (/usr/lib/node_modules/npm/node_modules/request/request.js:893:14)
38 error     at Request.emit (events.js:117:20)
38 error     at IncomingMessage.<anonymous> (/usr/lib/node_modules/npm/node_modules/request/request.js:844:12)
38 error     at IncomingMessage.emit (events.js:117:20)
38 error     at _stream_readable.js:929:16
38 error     at process._tickCallback (node.js:419:13)
39 error If you need help, you may report this *entire* log,
39 error including the npm and node versions, at:
39 error     <http://github.com/npm/npm/issues>
40 error System Linux 3.11.0-26-generic
41 error command "/usr/bin/node" "/usr/bin/npm" "publish"
42 error cwd /home/jbunting/Code/pagi/pagijs
43 error node -v v0.10.29
44 error npm -v 1.4.14
45 verbose exit [ 1, true ]
